[     772ms] [ERROR] Failed to load resource: the server responded with a status of 403 () @ https://dl.acm.org/products/acm/releasedAssets/fonts/Merriweather-webfont/merriweather-v21-latin-regular-040426f99ff6e00b86506452e0d1f10b.woff:0
[    4372ms] [LOG] JQMIGRATE: Migrate is installed, version 3.0.0 @ https://dl.acm.org/products/acm/releasedAssets/js/main.bundle-f3fcd87c329112bea6e5.js:436
[    4455ms] [LOG] Widgets initialized! @ https://dl.acm.org/wro/8b26acbea6f2e89786ebba57cf5ed4f8ab8d4fad~product.js:44
[    4469ms] [LOG] Cart Service initialized! @ https://dl.acm.org/wro/8b26acbea6f2e89786ebba57cf5ed4f8ab8d4fad~product.js:316
[    4469ms] [LOG] Commerce Cart :: Registering service buyingList listener... @ https://dl.acm.org/wro/8b26acbea6f2e89786ebba57cf5ed4f8ab8d4fad~product.js:312
[    4470ms] [LOG] Commerce Cart :: Registering service savedItems listener... @ https://dl.acm.org/wro/8b26acbea6f2e89786ebba57cf5ed4f8ab8d4fad~product.js:312
[    5000ms] [ERROR] TypeError: Cannot read properties of null (reading 'querySelectorAll')
    at new Elements (https://dl.acm.org/products/acm/releasedAssets/js/pubMetrics-db753e4f44db3e2290bd.js:1:2034)
    at new class_1 (https://dl.acm.org/products/acm/releasedAssets/js/main.bundle-f3fcd87c329112bea6e5.js:3:33686)
    at https://dl.acm.org/products/acm/releasedAssets/js/vendors~dynamic-imports-00aa6a0ddf15fa4bd547.js:1:10348
    at Generator.<anonymous> (https://dl.acm.org/products/acm/releasedAssets/js/vendors~dynamic-imports-00aa6a0ddf15fa4bd547.js:1:1409)
    at Generator.next (https://dl.acm.org/products/acm/releasedAssets/js/vendors~dynamic-imports-00aa6a0ddf15fa4bd547.js:1:2786)
    at asyncGeneratorStep (https://dl.acm.org/products/acm/releasedAssets/js/main.bundle-f3fcd87c329112bea6e5.js:3:45940)
    at _next (https://dl.acm.org/products/acm/releasedAssets/js/main.bundle-f3fcd87c329112bea6e5.js:3:46184) @ https://dl.acm.org/products/acm/releasedAssets/js/vendors~dynamic-imports-00aa6a0ddf15fa4bd547.js:0
[    5716ms] [ERROR] Crossmark Script out of date. @ https://crossmark.crossref.org/dialog?doi=10.1145%2F3592408&domain=dl.acm.org&uri_scheme=https%3A&cm_version=v2.0:173
[   11132ms] [WARNING] The resource https://dl.acm.org/products/acm/releasedAssets/fonts/Merriweather-webfont/merriweather-v21-latin-700italic-f87f3d87cea0dd0979bfc8ac9ea90243.woff was preloaded using link preload but not used within a few seconds from the window's load event. Please make sure it has an appropriate `as` value and it is preloaded intentionally. @ https://dl.acm.org/doi/abs/10.1145/3592408:0
[   11132ms] [WARNING] The resource https://dl.acm.org/wro/8b26acbea6f2e89786ebba57cf5ed4f8ab8d4fad~product.css was preloaded using link preload but not used within a few seconds from the window's load event. Please make sure it has an appropriate `as` value and it is preloaded intentionally. @ https://dl.acm.org/doi/abs/10.1145/3592408:0
[   11132ms] [WARNING] The resource https://dl.acm.org/products/acm/releasedAssets/fonts/Merriweather-webfont/merriweather-v21-latin-700-22fb8afba4ab1f093b6ef9e28a9b6e92.woff was preloaded using link preload but not used within a few seconds from the window's load event. Please make sure it has an appropriate `as` value and it is preloaded intentionally. @ https://dl.acm.org/doi/abs/10.1145/3592408:0
[   11132ms] [WARNING] The resource https://dl.acm.org/products/acm/releasedAssets/fonts/Merriweather_Sans-webfont/merriweather-sans-v11-latin-700italic-71f4d161057a60cf2c005a608e7d06a5.woff was preloaded using link preload but not used within a few seconds from the window's load event. Please make sure it has an appropriate `as` value and it is preloaded intentionally. @ https://dl.acm.org/doi/abs/10.1145/3592408:0
[   11132ms] [WARNING] The resource https://dl.acm.org/products/acm/releasedAssets/fonts/Merriweather_Sans-webfont/merriweather-sans-v11-latin-700-fab1da851415f3070d2a421f763c8e3c.woff was preloaded using link preload but not used within a few seconds from the window's load event. Please make sure it has an appropriate `as` value and it is preloaded intentionally. @ https://dl.acm.org/doi/abs/10.1145/3592408:0
[   11132ms] [WARNING] The resource https://dl.acm.org/products/acm/releasedAssets/fonts/Merriweather-webfont/merriweather-v21-latin-300italic-23c3f1f88683618a4fb8d265d33d383a.woff was preloaded using link preload but not used within a few seconds from the window's load event. Please make sure it has an appropriate `as` value and it is preloaded intentionally. @ https://dl.acm.org/doi/abs/10.1145/3592408:0
[   11132ms] [WARNING] The resource https://dl.acm.org/products/acm/releasedAssets/fonts/Merriweather_Sans-webfont/merriweather-sans-v11-latin-regular-f5bc7f088f36423b46515fb3a14e6e4e.woff was preloaded using link preload but not used within a few seconds from the window's load event. Please make sure it has an appropriate `as` value and it is preloaded intentionally. @ https://dl.acm.org/doi/abs/10.1145/3592408:0
[   11132ms] [WARNING] The resource https://dl.acm.org/products/acm/releasedAssets/fonts/Merriweather_Sans-webfont/merriweather-sans-v11-latin-300-6853d5ee98500e31c623ede632d0ffc9.woff was preloaded using link preload but not used within a few seconds from the window's load event. Please make sure it has an appropriate `as` value and it is preloaded intentionally. @ https://dl.acm.org/doi/abs/10.1145/3592408:0
[   11132ms] [WARNING] The resource https://dl.acm.org/products/acm/releasedAssets/fonts/Merriweather-webfont/merriweather-v21-latin-italic-79db67aca65f5285964ab332bd65f451.woff was preloaded using link preload but not used within a few seconds from the window's load event. Please make sure it has an appropriate `as` value and it is preloaded intentionally. @ https://dl.acm.org/doi/abs/10.1145/3592408:0
[   11132ms] [WARNING] The resource https://dl.acm.org/products/acm/releasedAssets/fonts/icomoon/icomoon-ecf4156144f17b642f320708a1c6b81e.woff was preloaded using link preload but not used within a few seconds from the window's load event. Please make sure it has an appropriate `as` value and it is preloaded intentionally. @ https://dl.acm.org/doi/abs/10.1145/3592408:0
[   11132ms] [WARNING] The resource https://dl.acm.org/products/acm/releasedAssets/fonts/flowPlayerIcons/fpicons-a0206f7b58837c2a077bcce360ea20e6.woff was preloaded using link preload but not used within a few seconds from the window's load event. Please make sure it has an appropriate `as` value and it is preloaded intentionally. @ https://dl.acm.org/doi/abs/10.1145/3592408:0
[   11132ms] [WARNING] The resource https://dl.acm.org/products/acm/releasedAssets/fonts/Merriweather_Sans-webfont/merriweather-sans-v11-latin-300italic-47398ab89da02905d332f707b3b775b1.woff was preloaded using link preload but not used within a few seconds from the window's load event. Please make sure it has an appropriate `as` value and it is preloaded intentionally. @ https://dl.acm.org/doi/abs/10.1145/3592408:0
[   11132ms] [WARNING] The resource https://dl.acm.org/products/acm/releasedAssets/fonts/Merriweather-webfont/merriweather-v21-latin-regular-040426f99ff6e00b86506452e0d1f10b.woff was preloaded using link preload but not used within a few seconds from the window's load event. Please make sure it has an appropriate `as` value and it is preloaded intentionally. @ https://dl.acm.org/doi/abs/10.1145/3592408:0
[   11132ms] [WARNING] The resource https://dl.acm.org/products/acm/releasedAssets/fonts/Merriweather_Sans-webfont/merriweather-sans-v11-latin-italic-2daadc97d1008f0a0f498853e475950e.woff was preloaded using link preload but not used within a few seconds from the window's load event. Please make sure it has an appropriate `as` value and it is preloaded intentionally. @ https://dl.acm.org/doi/abs/10.1145/3592408:0
[   11133ms] [WARNING] The resource https://dl.acm.org/products/acm/releasedAssets/fonts/Merriweather-webfont/merriweather-v21-latin-300-58b18067ebbd21fda77b67e73c241d3b.woff was preloaded using link preload but not used within a few seconds from the window's load event. Please make sure it has an appropriate `as` value and it is preloaded intentionally. @ https://dl.acm.org/doi/abs/10.1145/3592408:0
